*** Start analyzing build configuration ***
Auto-config - Scanning: F:\_xu\_prj\pcie_uart_tx_array\pcie_uart_invl\pcie_uart.srcs
Auto-config - VLOG: F:\_xu\_prj\pcie_uart_tx_array\pcie_uart_invl\pcie_uart.srcs
Auto-config - Wrote:
    F:\_xu\_prj\pcie_uart_tx_array\pcie_uart_invl\pcie_uart.srcs\.dvt\default.build.auto.1
*** List of included argument files ***
    Build configuration file:  F:\_xu\_prj\pcie_uart_tx_array\pcie_uart_invl\pcie_uart.srcs\.dvt\default.build
    -f F:\_xu\_prj\pcie_uart_tx_array\pcie_uart_invl\pcie_uart.srcs\.dvt\default.build.auto.1
*** List of invocations ***
Invocation #1 +dvt_init+dvt in F:\_xu\_prj\pcie_uart_tx_array\pcie_uart_invl\pcie_uart.srcs\.dvt\default.build.auto.1 at line 9
*** Done analyzing build configuration [31 ms] ***

*** Start SystemVerilog build ***
*** Invocation #1***
Loading (1) F:\_xu\_prj\pcie_uart_tx_array\pcie_uart_invl\pcie_uart.srcs\sources_1\new\uart_f2ser_read.v ...
Done F:\_xu\_prj\pcie_uart_tx_array\pcie_uart_invl\pcie_uart.srcs\sources_1\new\uart_f2ser_read.v [7 ms, 655 lines, Verilog_2001] ...
Loading (2) F:\_xu\_prj\pcie_uart_tx_array\pcie_uart_invl\pcie_uart.srcs\sources_1\new\bridge_top_v2.v ...
Done F:\_xu\_prj\pcie_uart_tx_array\pcie_uart_invl\pcie_uart.srcs\sources_1\new\bridge_top_v2.v [10 ms, 1198 lines, Verilog_2001] ...
Loading (3) F:\_xu\_prj\pcie_uart_tx_array\pcie_uart_invl\pcie_uart.srcs\sources_1\new\xdma_lite_rw.sv ...
Done F:\_xu\_prj\pcie_uart_tx_array\pcie_uart_invl\pcie_uart.srcs\sources_1\new\xdma_lite_rw.sv [11 ms, 1204 lines, SystemVerilog_2012] ...
Loading (4) F:\_xu\_prj\pcie_uart_tx_array\pcie_uart_invl\pcie_uart.srcs\sources_1\new\_common_package.sv ...
Done F:\_xu\_prj\pcie_uart_tx_array\pcie_uart_invl\pcie_uart.srcs\sources_1\new\_common_package.sv [1 ms, 80 lines, SystemVerilog_2012] ...
Loading (5) F:\_xu\_prj\pcie_uart_tx_array\pcie_uart_invl\pcie_uart.srcs\sources_1\new\_pcie_uart_package.sv ...
Done F:\_xu\_prj\pcie_uart_tx_array\pcie_uart_invl\pcie_uart.srcs\sources_1\new\_pcie_uart_package.sv [1 ms, 184 lines, SystemVerilog_2012] ...
Loading (6) F:\_xu\_prj\pcie_uart_tx_array\pcie_uart_invl\pcie_uart.srcs\sources_1\new\axi_uart_tx.sv ...
Loading (7) F:\_xu\_prj\pcie_uart_tx_array\pcie_uart_invl\pcie_uart.srcs\sources_1\new\_svh.svh ...
Loading (8) F:\_xu\_prj\pcie_uart_tx_array\pcie_uart_invl\pcie_uart.srcs\sources_1\new\_interface.sv ...
Done F:\_xu\_prj\pcie_uart_tx_array\pcie_uart_invl\pcie_uart.srcs\sources_1\new\_interface.sv [3 ms, 336 lines, SystemVerilog_2012] ...
Done F:\_xu\_prj\pcie_uart_tx_array\pcie_uart_invl\pcie_uart.srcs\sources_1\new\_svh.svh [0 ms, 4 lines, SystemVerilog_2012] ...
Done F:\_xu\_prj\pcie_uart_tx_array\pcie_uart_invl\pcie_uart.srcs\sources_1\new\axi_uart_tx.sv [5 ms, 529 lines, SystemVerilog_2012] ...
Loading (9) F:\_xu\_prj\pcie_uart_tx_array\pcie_uart_invl\pcie_uart.srcs\sources_1\new\pcie_uart.v ...
Done F:\_xu\_prj\pcie_uart_tx_array\pcie_uart_invl\pcie_uart.srcs\sources_1\new\pcie_uart.v [0 ms, 76 lines, Verilog_2001] ...
Loading (10) F:\_xu\_prj\pcie_uart_tx_array\pcie_uart_invl\pcie_uart.srcs\sim_1\new\TB_1.sv ...
Done F:\_xu\_prj\pcie_uart_tx_array\pcie_uart_invl\pcie_uart.srcs\sim_1\new\TB_1.sv [6 ms, 1315 lines, SystemVerilog_2012] ...
*** Done invocation #1 [59 ms] ***
*** Done parsing [LT 32 ms, PT 59.0 ms] ***
*** Total number of lines [5 581] ***
Performing post full build actions ...
Performing post full build step 1 (SRI) [0 ms] ...
Performing post full build step 2 (RI) [1 ms] ...
Performing post full build step 3 (RCP) [0 ms] ...
*** Files summary [10 total, 10 unique, 0 optimized] ***
*** Done SystemVerilog build [65 ms] ***

*** Start mixed mode extension build ***
Performing mixed post full build step (VLOG - RI) [0 ms] ...
*** Warning: UNSPECIFIED_TOP: Please specify a -top module/entity/configuration in the project build file
*** Top design candidates: work.pcie_uart, work.TB_1
Performing mixed post full build step (MIXED - ELAB) [320 ms] ...
Performing mixed post full build step (MIXED - UNEL) [51 ms] ...
*** Warning: UNDECLARED_MODULE: Module 'IBUFDS_GTE2' is not declared
    at line 46 in F:\_xu\_prj\pcie_uart_tx_array\pcie_uart_invl\pcie_uart.srcs\sources_1\new\pcie_uart.v [compile index 9]
*** Warning: UNDECLARED_MODULE: Module 'design_1_wrapper' is not declared
    at line 56 in F:\_xu\_prj\pcie_uart_tx_array\pcie_uart_invl\pcie_uart.srcs\sources_1\new\pcie_uart.v [compile index 9]
*** Warning: UNDECLARED_MODULE: Module 'uart_ff_8k' is not declared
    at line 313 in F:\_xu\_prj\pcie_uart_tx_array\pcie_uart_invl\pcie_uart.srcs\sources_1\new\uart_f2ser_read.v [compile index 1]
*** Warning: ASSIGNMENT_NON_BLOCKING: Non-blocking assignment of 'rff_din_data_eff' in combinational logic (use blocking assignment)
    at line 343 in F:\_xu\_prj\pcie_uart_tx_array\pcie_uart_invl\pcie_uart.srcs\sources_1\new\uart_f2ser_read.v [compile index 1]
*** Warning: CASE_ITEM_WIDTH_MISMATCH: Comparison between case expression 'rx_cnt' of '4-bit' type and item expression '0' of '32-bit' type
    at line 345 in F:\_xu\_prj\pcie_uart_tx_array\pcie_uart_invl\pcie_uart.srcs\sources_1\new\uart_f2ser_read.v [compile index 1]
*** Warning: ASSIGNMENT_NON_BLOCKING: Non-blocking assignment of 'rff_din_data_eff' in combinational logic (use blocking assignment)
    at line 345 in F:\_xu\_prj\pcie_uart_tx_array\pcie_uart_invl\pcie_uart.srcs\sources_1\new\uart_f2ser_read.v [compile index 1]
*** Warning: CASE_ITEM_WIDTH_MISMATCH: Comparison between case expression 'rx_cnt' of '4-bit' type and item expression '9' of '32-bit' type
    at line 346 in F:\_xu\_prj\pcie_uart_tx_array\pcie_uart_invl\pcie_uart.srcs\sources_1\new\uart_f2ser_read.v [compile index 1]
*** Warning: ASSIGNMENT_NON_BLOCKING: Non-blocking assignment of 'rff_din_data_eff' in combinational logic (use blocking assignment)
    at line 346 in F:\_xu\_prj\pcie_uart_tx_array\pcie_uart_invl\pcie_uart.srcs\sources_1\new\uart_f2ser_read.v [compile index 1]
*** Warning: ASSIGNMENT_NON_BLOCKING: Non-blocking assignment of 'rff_din_data_eff' in combinational logic (use blocking assignment)
    at line 347 in F:\_xu\_prj\pcie_uart_tx_array\pcie_uart_invl\pcie_uart.srcs\sources_1\new\uart_f2ser_read.v [compile index 1]
*** Warning: CASE_ITEM_WIDTH_MISMATCH: Comparison between case expression 'para_cfg_req_post' of '2-bit' type and item expression '0' of '32-bit' type
    at line 506 in F:\_xu\_prj\pcie_uart_tx_array\pcie_uart_invl\pcie_uart.srcs\sources_1\new\uart_f2ser_read.v [compile index 1]
*** Warning: CASE_ITEM_WIDTH_MISMATCH: Comparison between case expression 'para_cfg_req_post' of '2-bit' type and item expression '1' of '32-bit' type
    at line 513 in F:\_xu\_prj\pcie_uart_tx_array\pcie_uart_invl\pcie_uart.srcs\sources_1\new\uart_f2ser_read.v [compile index 1]
*** Warning: CASE_ITEM_WIDTH_MISMATCH: Comparison between case expression 'para_cfg_req_post' of '2-bit' type and item expression '2' of '32-bit' type
    at line 520 in F:\_xu\_prj\pcie_uart_tx_array\pcie_uart_invl\pcie_uart.srcs\sources_1\new\uart_f2ser_read.v [compile index 1]
*** Warning: ASSIGNMENT_NON_BLOCKING: Non-blocking assignment of 'ns' in combinational logic (use blocking assignment)
    at line 541 in F:\_xu\_prj\pcie_uart_tx_array\pcie_uart_invl\pcie_uart.srcs\sources_1\new\uart_f2ser_read.v [compile index 1]
*** Warning: ASSIGNMENT_NON_BLOCKING: Non-blocking assignment of 'ns' in combinational logic (use blocking assignment)
    at line 543 in F:\_xu\_prj\pcie_uart_tx_array\pcie_uart_invl\pcie_uart.srcs\sources_1\new\uart_f2ser_read.v [compile index 1]
*** Warning: ASSIGNMENT_NON_BLOCKING: Non-blocking assignment of 'ns' in combinational logic (use blocking assignment)
    at line 547 in F:\_xu\_prj\pcie_uart_tx_array\pcie_uart_invl\pcie_uart.srcs\sources_1\new\uart_f2ser_read.v [compile index 1]
*** Warning: ASSIGNMENT_NON_BLOCKING: Non-blocking assignment of 'ns' in combinational logic (use blocking assignment)
    at line 549 in F:\_xu\_prj\pcie_uart_tx_array\pcie_uart_invl\pcie_uart.srcs\sources_1\new\uart_f2ser_read.v [compile index 1]
*** Warning: ASSIGNMENT_NON_BLOCKING: Non-blocking assignment of 'ns' in combinational logic (use blocking assignment)
    at line 551 in F:\_xu\_prj\pcie_uart_tx_array\pcie_uart_invl\pcie_uart.srcs\sources_1\new\uart_f2ser_read.v [compile index 1]
*** Warning: ASSIGNMENT_NON_BLOCKING: Non-blocking assignment of 'ns' in combinational logic (use blocking assignment)
    at line 554 in F:\_xu\_prj\pcie_uart_tx_array\pcie_uart_invl\pcie_uart.srcs\sources_1\new\uart_f2ser_read.v [compile index 1]
*** Warning: ASSIGNMENT_NON_BLOCKING: Non-blocking assignment of 'ns' in combinational logic (use blocking assignment)
    at line 556 in F:\_xu\_prj\pcie_uart_tx_array\pcie_uart_invl\pcie_uart.srcs\sources_1\new\uart_f2ser_read.v [compile index 1]
*** Warning: ASSIGNMENT_NON_BLOCKING: Non-blocking assignment of 'ns' in combinational logic (use blocking assignment)
    at line 559 in F:\_xu\_prj\pcie_uart_tx_array\pcie_uart_invl\pcie_uart.srcs\sources_1\new\uart_f2ser_read.v [compile index 1]
*** Warning: ASSIGNMENT_NON_BLOCKING: Non-blocking assignment of 'ns' in combinational logic (use blocking assignment)
    at line 561 in F:\_xu\_prj\pcie_uart_tx_array\pcie_uart_invl\pcie_uart.srcs\sources_1\new\uart_f2ser_read.v [compile index 1]
*** Warning: ASSIGNMENT_NON_BLOCKING: Non-blocking assignment of 'ns' in combinational logic (use blocking assignment)
    at line 563 in F:\_xu\_prj\pcie_uart_tx_array\pcie_uart_invl\pcie_uart.srcs\sources_1\new\uart_f2ser_read.v [compile index 1]
*** Warning: ASSIGNMENT_NON_BLOCKING: Non-blocking assignment of 'ns' in combinational logic (use blocking assignment)
    at line 565 in F:\_xu\_prj\pcie_uart_tx_array\pcie_uart_invl\pcie_uart.srcs\sources_1\new\uart_f2ser_read.v [compile index 1]
*** Warning: ASSIGNMENT_NON_BLOCKING: Non-blocking assignment of 'ns' in combinational logic (use blocking assignment)
    at line 569 in F:\_xu\_prj\pcie_uart_tx_array\pcie_uart_invl\pcie_uart.srcs\sources_1\new\uart_f2ser_read.v [compile index 1]
*** Warning: ASSIGNMENT_NON_BLOCKING: Non-blocking assignment of 'ns' in combinational logic (use blocking assignment)
    at line 571 in F:\_xu\_prj\pcie_uart_tx_array\pcie_uart_invl\pcie_uart.srcs\sources_1\new\uart_f2ser_read.v [compile index 1]
*** Warning: ASSIGNMENT_NON_BLOCKING: Non-blocking assignment of 'ns' in combinational logic (use blocking assignment)
    at line 574 in F:\_xu\_prj\pcie_uart_tx_array\pcie_uart_invl\pcie_uart.srcs\sources_1\new\uart_f2ser_read.v [compile index 1]
*** Warning: ASSIGNMENT_NON_BLOCKING: Non-blocking assignment of 'ns' in combinational logic (use blocking assignment)
    at line 576 in F:\_xu\_prj\pcie_uart_tx_array\pcie_uart_invl\pcie_uart.srcs\sources_1\new\uart_f2ser_read.v [compile index 1]
*** Warning: ASSIGNMENT_NON_BLOCKING: Non-blocking assignment of 'ns' in combinational logic (use blocking assignment)
    at line 578 in F:\_xu\_prj\pcie_uart_tx_array\pcie_uart_invl\pcie_uart.srcs\sources_1\new\uart_f2ser_read.v [compile index 1]
*** Warning: ASSIGNMENT_NON_BLOCKING: Non-blocking assignment of 'ns' in combinational logic (use blocking assignment)
    at line 580 in F:\_xu\_prj\pcie_uart_tx_array\pcie_uart_invl\pcie_uart.srcs\sources_1\new\uart_f2ser_read.v [compile index 1]
*** Warning: CASE_ITEM_WIDTH_MISMATCH: Comparison between case expression 'rx_cnt' of '4-bit' type and item expression '0' of '32-bit' type
    at line 592 in F:\_xu\_prj\pcie_uart_tx_array\pcie_uart_invl\pcie_uart.srcs\sources_1\new\uart_f2ser_read.v [compile index 1]
*** Warning: CASE_ITEM_WIDTH_MISMATCH: Comparison between case expression 'rx_cnt' of '4-bit' type and item expression '1' of '32-bit' type
    at line 593 in F:\_xu\_prj\pcie_uart_tx_array\pcie_uart_invl\pcie_uart.srcs\sources_1\new\uart_f2ser_read.v [compile index 1]
*** Warning: CASE_ITEM_WIDTH_MISMATCH: Comparison between case expression 'rx_cnt' of '4-bit' type and item expression '2' of '32-bit' type
    at line 594 in F:\_xu\_prj\pcie_uart_tx_array\pcie_uart_invl\pcie_uart.srcs\sources_1\new\uart_f2ser_read.v [compile index 1]
*** Warning: CASE_ITEM_WIDTH_MISMATCH: Comparison between case expression 'rx_cnt' of '4-bit' type and item expression '3' of '32-bit' type
    at line 595 in F:\_xu\_prj\pcie_uart_tx_array\pcie_uart_invl\pcie_uart.srcs\sources_1\new\uart_f2ser_read.v [compile index 1]
*** Warning: CASE_ITEM_WIDTH_MISMATCH: Comparison between case expression 'rx_cnt' of '4-bit' type and item expression '4' of '32-bit' type
    at line 596 in F:\_xu\_prj\pcie_uart_tx_array\pcie_uart_invl\pcie_uart.srcs\sources_1\new\uart_f2ser_read.v [compile index 1]
*** Warning: CASE_ITEM_WIDTH_MISMATCH: Comparison between case expression 'rx_cnt' of '4-bit' type and item expression '5' of '32-bit' type
    at line 597 in F:\_xu\_prj\pcie_uart_tx_array\pcie_uart_invl\pcie_uart.srcs\sources_1\new\uart_f2ser_read.v [compile index 1]
*** Warning: CASE_ITEM_WIDTH_MISMATCH: Comparison between case expression 'rx_cnt' of '4-bit' type and item expression '6' of '32-bit' type
    at line 598 in F:\_xu\_prj\pcie_uart_tx_array\pcie_uart_invl\pcie_uart.srcs\sources_1\new\uart_f2ser_read.v [compile index 1]
*** Warning: CASE_ITEM_WIDTH_MISMATCH: Comparison between case expression 'rx_cnt' of '4-bit' type and item expression '7' of '32-bit' type
    at line 599 in F:\_xu\_prj\pcie_uart_tx_array\pcie_uart_invl\pcie_uart.srcs\sources_1\new\uart_f2ser_read.v [compile index 1]
*** Warning: CASE_ITEM_WIDTH_MISMATCH: Comparison between case expression 'rx_cnt' of '4-bit' type and item expression '8' of '32-bit' type
    at line 600 in F:\_xu\_prj\pcie_uart_tx_array\pcie_uart_invl\pcie_uart.srcs\sources_1\new\uart_f2ser_read.v [compile index 1]
*** Error: NON_EXISTING_PORT: Non existing port 'tx_driv_flag' of module 'axi_uart_tx'
    at line 938 in F:\_xu\_prj\pcie_uart_tx_array\pcie_uart_invl\pcie_uart.srcs\sources_1\new\bridge_top_v2.v [compile index 2]
*** Error: NON_EXISTING_PORT: Non existing port 'LR_CFG_REQ' of module 'axi_uart_tx'
    at line 939 in F:\_xu\_prj\pcie_uart_tx_array\pcie_uart_invl\pcie_uart.srcs\sources_1\new\bridge_top_v2.v [compile index 2]
*** Error: NON_EXISTING_PORT: Non existing port 'LR_STOP_BIT' of module 'axi_uart_tx'
    at line 940 in F:\_xu\_prj\pcie_uart_tx_array\pcie_uart_invl\pcie_uart.srcs\sources_1\new\bridge_top_v2.v [compile index 2]
*** Error: NON_EXISTING_PORT: Non existing port 'LR_P_CHK' of module 'axi_uart_tx'
    at line 941 in F:\_xu\_prj\pcie_uart_tx_array\pcie_uart_invl\pcie_uart.srcs\sources_1\new\bridge_top_v2.v [compile index 2]
*** Error: NON_EXISTING_PORT: Non existing port 'LR_D_WDITH' of module 'axi_uart_tx'
    at line 942 in F:\_xu\_prj\pcie_uart_tx_array\pcie_uart_invl\pcie_uart.srcs\sources_1\new\bridge_top_v2.v [compile index 2]
*** Error: NON_EXISTING_PORT: Non existing port 'LR_AXI_WR_MAX_LEN' of module 'axi_uart_tx'
    at line 943 in F:\_xu\_prj\pcie_uart_tx_array\pcie_uart_invl\pcie_uart.srcs\sources_1\new\bridge_top_v2.v [compile index 2]
*** Error: NON_EXISTING_PORT: Non existing port 'LR_AXI_WR_EFF_LEN' of module 'axi_uart_tx'
    at line 944 in F:\_xu\_prj\pcie_uart_tx_array\pcie_uart_invl\pcie_uart.srcs\sources_1\new\bridge_top_v2.v [compile index 2]
*** Error: NON_EXISTING_PORT: Non existing port 'LR_CFG_DONE' of module 'axi_uart_tx'
    at line 946 in F:\_xu\_prj\pcie_uart_tx_array\pcie_uart_invl\pcie_uart.srcs\sources_1\new\bridge_top_v2.v [compile index 2]
*** Error: NON_EXISTING_PORT: Non existing port 'LR_TFF_USEDW' of module 'axi_uart_tx'
    at line 947 in F:\_xu\_prj\pcie_uart_tx_array\pcie_uart_invl\pcie_uart.srcs\sources_1\new\bridge_top_v2.v [compile index 2]
*** Error: NON_EXISTING_PORT: Non existing port 's_axi_awid' of module 'axi_uart_tx'
    at line 950 in F:\_xu\_prj\pcie_uart_tx_array\pcie_uart_invl\pcie_uart.srcs\sources_1\new\bridge_top_v2.v [compile index 2]
*** Error: NON_EXISTING_PORT: Non existing port 's_axi_awaddr' of module 'axi_uart_tx'
    at line 951 in F:\_xu\_prj\pcie_uart_tx_array\pcie_uart_invl\pcie_uart.srcs\sources_1\new\bridge_top_v2.v [compile index 2]
*** Error: NON_EXISTING_PORT: Non existing port 's_axi_awlen' of module 'axi_uart_tx'
    at line 952 in F:\_xu\_prj\pcie_uart_tx_array\pcie_uart_invl\pcie_uart.srcs\sources_1\new\bridge_top_v2.v [compile index 2]
*** Error: NON_EXISTING_PORT: Non existing port 's_axi_awsize' of module 'axi_uart_tx'
    at line 953 in F:\_xu\_prj\pcie_uart_tx_array\pcie_uart_invl\pcie_uart.srcs\sources_1\new\bridge_top_v2.v [compile index 2]
*** Error: NON_EXISTING_PORT: Non existing port 's_axi_awburst' of module 'axi_uart_tx'
    at line 954 in F:\_xu\_prj\pcie_uart_tx_array\pcie_uart_invl\pcie_uart.srcs\sources_1\new\bridge_top_v2.v [compile index 2]
*** Error: NON_EXISTING_PORT: Non existing port 's_axi_awprot' of module 'axi_uart_tx'
    at line 955 in F:\_xu\_prj\pcie_uart_tx_array\pcie_uart_invl\pcie_uart.srcs\sources_1\new\bridge_top_v2.v [compile index 2]
*** Error: NON_EXISTING_PORT: Non existing port 's_axi_awvalid' of module 'axi_uart_tx'
    at line 956 in F:\_xu\_prj\pcie_uart_tx_array\pcie_uart_invl\pcie_uart.srcs\sources_1\new\bridge_top_v2.v [compile index 2]
*** Error: NON_EXISTING_PORT: Non existing port 's_axi_awlock' of module 'axi_uart_tx'
    at line 957 in F:\_xu\_prj\pcie_uart_tx_array\pcie_uart_invl\pcie_uart.srcs\sources_1\new\bridge_top_v2.v [compile index 2]
*** Error: NON_EXISTING_PORT: Non existing port 's_axi_awcache' of module 'axi_uart_tx'
    at line 958 in F:\_xu\_prj\pcie_uart_tx_array\pcie_uart_invl\pcie_uart.srcs\sources_1\new\bridge_top_v2.v [compile index 2]
*** Error: NON_EXISTING_PORT: Non existing port 's_axi_awready' of module 'axi_uart_tx'
    at line 959 in F:\_xu\_prj\pcie_uart_tx_array\pcie_uart_invl\pcie_uart.srcs\sources_1\new\bridge_top_v2.v [compile index 2]
*** Error: NON_EXISTING_PORT: Non existing port 's_axi_wdata' of module 'axi_uart_tx'
    at line 961 in F:\_xu\_prj\pcie_uart_tx_array\pcie_uart_invl\pcie_uart.srcs\sources_1\new\bridge_top_v2.v [compile index 2]
*** Error: NON_EXISTING_PORT: Non existing port 's_axi_wstrb' of module 'axi_uart_tx'
    at line 962 in F:\_xu\_prj\pcie_uart_tx_array\pcie_uart_invl\pcie_uart.srcs\sources_1\new\bridge_top_v2.v [compile index 2]
*** Error: NON_EXISTING_PORT: Non existing port 's_axi_wlast' of module 'axi_uart_tx'
    at line 963 in F:\_xu\_prj\pcie_uart_tx_array\pcie_uart_invl\pcie_uart.srcs\sources_1\new\bridge_top_v2.v [compile index 2]
*** Error: NON_EXISTING_PORT: Non existing port 's_axi_wvalid' of module 'axi_uart_tx'
    at line 964 in F:\_xu\_prj\pcie_uart_tx_array\pcie_uart_invl\pcie_uart.srcs\sources_1\new\bridge_top_v2.v [compile index 2]
*** Error: NON_EXISTING_PORT: Non existing port 's_axi_wready' of module 'axi_uart_tx'
    at line 965 in F:\_xu\_prj\pcie_uart_tx_array\pcie_uart_invl\pcie_uart.srcs\sources_1\new\bridge_top_v2.v [compile index 2]
*** Error: NON_EXISTING_PORT: Non existing port 's_axi_bid' of module 'axi_uart_tx'
    at line 967 in F:\_xu\_prj\pcie_uart_tx_array\pcie_uart_invl\pcie_uart.srcs\sources_1\new\bridge_top_v2.v [compile index 2]
*** Error: NON_EXISTING_PORT: Non existing port 's_axi_bresp' of module 'axi_uart_tx'
    at line 968 in F:\_xu\_prj\pcie_uart_tx_array\pcie_uart_invl\pcie_uart.srcs\sources_1\new\bridge_top_v2.v [compile index 2]
*** Error: NON_EXISTING_PORT: Non existing port 's_axi_bvalid' of module 'axi_uart_tx'
    at line 969 in F:\_xu\_prj\pcie_uart_tx_array\pcie_uart_invl\pcie_uart.srcs\sources_1\new\bridge_top_v2.v [compile index 2]
*** Error: NON_EXISTING_PORT: Non existing port 's_axi_bready' of module 'axi_uart_tx'
    at line 970 in F:\_xu\_prj\pcie_uart_tx_array\pcie_uart_invl\pcie_uart.srcs\sources_1\new\bridge_top_v2.v [compile index 2]
*** Error: NON_EXISTING_PORT: Non existing port 'UART_TX' of module 'axi_uart_tx'
    at line 972 in F:\_xu\_prj\pcie_uart_tx_array\pcie_uart_invl\pcie_uart.srcs\sources_1\new\bridge_top_v2.v [compile index 2]
*** Error: UNDECLARED_IDENTIFIER: Identifier 'P_ENABLE' is not declared
    at line 933 in F:\_xu\_prj\pcie_uart_tx_array\pcie_uart_invl\pcie_uart.srcs\sources_1\new\bridge_top_v2.v [compile index 2]
*** Warning: MISSING_PORT_CONNECTION: Instance 'UART_W' of module 'axi_uart_tx' is missing port connection to input 'tx_para, tx_ctrl'
    at line 932 in F:\_xu\_prj\pcie_uart_tx_array\pcie_uart_invl\pcie_uart.srcs\sources_1\new\bridge_top_v2.v [compile index 2]
*** Warning: MISSING_PORT_CONNECTION: Instance 'UART_W' of module 'axi_uart_tx' is missing port connection to interface 'sw_axi_full_if'
    at line 932 in F:\_xu\_prj\pcie_uart_tx_array\pcie_uart_invl\pcie_uart.srcs\sources_1\new\bridge_top_v2.v [compile index 2]
*** Warning: MISSING_PORT_CONNECTION: Instance 'UART_W' of module 'axi_uart_tx' is missing port connection to output 'uart_tx, tx_status'
    at line 932 in F:\_xu\_prj\pcie_uart_tx_array\pcie_uart_invl\pcie_uart.srcs\sources_1\new\bridge_top_v2.v [compile index 2]
*** Error: UNDECLARED_IDENTIFIER: Identifier 'frame_interval_unit_s' is not a member of 'new_tx_para'
    at line 146 in F:\_xu\_prj\pcie_uart_tx_array\pcie_uart_invl\pcie_uart.srcs\sources_1\new\axi_uart_tx.sv [compile index 6]
*** Error: UNDECLARED_IDENTIFIER: Identifier 'frame_interval_unit_ms' is not a member of 'new_tx_para'
    at line 147 in F:\_xu\_prj\pcie_uart_tx_array\pcie_uart_invl\pcie_uart.srcs\sources_1\new\axi_uart_tx.sv [compile index 6]
*** Error: UNDECLARED_IDENTIFIER: Identifier 'frame_interval_unit_us' is not a member of 'new_tx_para'
    at line 148 in F:\_xu\_prj\pcie_uart_tx_array\pcie_uart_invl\pcie_uart.srcs\sources_1\new\axi_uart_tx.sv [compile index 6]
*** Error: UNDECLARED_IDENTIFIER: Identifier 'frame_interval_unit_baud_rate' is not a member of 'new_tx_para'
    at line 149 in F:\_xu\_prj\pcie_uart_tx_array\pcie_uart_invl\pcie_uart.srcs\sources_1\new\axi_uart_tx.sv [compile index 6]
*** Warning: UNDECLARED_MODULE: Module 'uart_ff_8k' is not declared
    at line 302 in F:\_xu\_prj\pcie_uart_tx_array\pcie_uart_invl\pcie_uart.srcs\sources_1\new\axi_uart_tx.sv [compile index 6]
*** Warning: ASSIGNMENT_NON_BLOCKING: Non-blocking assignment of 'FULL_arid[i]' in combinational logic (use blocking assignment)
    at line 265 in F:\_xu\_prj\pcie_uart_tx_array\pcie_uart_invl\pcie_uart.srcs\sim_1\new\TB_1.sv [compile index 10]
*** Warning: ASSIGNMENT_NON_BLOCKING: Non-blocking assignment of 'FULL_araddr[i]' in combinational logic (use blocking assignment)
    at line 266 in F:\_xu\_prj\pcie_uart_tx_array\pcie_uart_invl\pcie_uart.srcs\sim_1\new\TB_1.sv [compile index 10]
*** Warning: ASSIGNMENT_NON_BLOCKING: Non-blocking assignment of 'FULL_arlen[i]' in combinational logic (use blocking assignment)
    at line 267 in F:\_xu\_prj\pcie_uart_tx_array\pcie_uart_invl\pcie_uart.srcs\sim_1\new\TB_1.sv [compile index 10]
*** Warning: ASSIGNMENT_NON_BLOCKING: Non-blocking assignment of 'FULL_arsize[i]' in combinational logic (use blocking assignment)
    at line 268 in F:\_xu\_prj\pcie_uart_tx_array\pcie_uart_invl\pcie_uart.srcs\sim_1\new\TB_1.sv [compile index 10]
*** Warning: ASSIGNMENT_NON_BLOCKING: Non-blocking assignment of 'FULL_arburst[i]' in combinational logic (use blocking assignment)
    at line 269 in F:\_xu\_prj\pcie_uart_tx_array\pcie_uart_invl\pcie_uart.srcs\sim_1\new\TB_1.sv [compile index 10]
*** Warning: ASSIGNMENT_NON_BLOCKING: Non-blocking assignment of 'FULL_arprot[i]' in combinational logic (use blocking assignment)
    at line 270 in F:\_xu\_prj\pcie_uart_tx_array\pcie_uart_invl\pcie_uart.srcs\sim_1\new\TB_1.sv [compile index 10]
*** Warning: ASSIGNMENT_NON_BLOCKING: Non-blocking assignment of 'FULL_arvalid[i]' in combinational logic (use blocking assignment)
    at line 271 in F:\_xu\_prj\pcie_uart_tx_array\pcie_uart_invl\pcie_uart.srcs\sim_1\new\TB_1.sv [compile index 10]
*** Warning: ASSIGNMENT_NON_BLOCKING: Non-blocking assignment of 'FULL_arlock[i]' in combinational logic (use blocking assignment)
    at line 272 in F:\_xu\_prj\pcie_uart_tx_array\pcie_uart_invl\pcie_uart.srcs\sim_1\new\TB_1.sv [compile index 10]
*** Warning: ASSIGNMENT_NON_BLOCKING: Non-blocking assignment of 'FULL_arcache[i]' in combinational logic (use blocking assignment)
    at line 273 in F:\_xu\_prj\pcie_uart_tx_array\pcie_uart_invl\pcie_uart.srcs\sim_1\new\TB_1.sv [compile index 10]
*** Warning: ASSIGNMENT_NON_BLOCKING: Non-blocking assignment of 'FULL_rready[i]' in combinational logic (use blocking assignment)
    at line 274 in F:\_xu\_prj\pcie_uart_tx_array\pcie_uart_invl\pcie_uart.srcs\sim_1\new\TB_1.sv [compile index 10]
*** Warning: ASSIGNMENT_NON_BLOCKING: Non-blocking assignment of 'FULL_awid[i]' in combinational logic (use blocking assignment)
    at line 276 in F:\_xu\_prj\pcie_uart_tx_array\pcie_uart_invl\pcie_uart.srcs\sim_1\new\TB_1.sv [compile index 10]
*** Warning: ASSIGNMENT_NON_BLOCKING: Non-blocking assignment of 'FULL_awaddr[i]' in combinational logic (use blocking assignment)
    at line 277 in F:\_xu\_prj\pcie_uart_tx_array\pcie_uart_invl\pcie_uart.srcs\sim_1\new\TB_1.sv [compile index 10]
*** Warning: ASSIGNMENT_NON_BLOCKING: Non-blocking assignment of 'FULL_awlen[i]' in combinational logic (use blocking assignment)
    at line 278 in F:\_xu\_prj\pcie_uart_tx_array\pcie_uart_invl\pcie_uart.srcs\sim_1\new\TB_1.sv [compile index 10]
*** Warning: ASSIGNMENT_NON_BLOCKING: Non-blocking assignment of 'FULL_awsize[i]' in combinational logic (use blocking assignment)
    at line 279 in F:\_xu\_prj\pcie_uart_tx_array\pcie_uart_invl\pcie_uart.srcs\sim_1\new\TB_1.sv [compile index 10]
*** Warning: ASSIGNMENT_NON_BLOCKING: Non-blocking assignment of 'FULL_awburst[i]' in combinational logic (use blocking assignment)
    at line 280 in F:\_xu\_prj\pcie_uart_tx_array\pcie_uart_invl\pcie_uart.srcs\sim_1\new\TB_1.sv [compile index 10]
*** Warning: ASSIGNMENT_NON_BLOCKING: Non-blocking assignment of 'FULL_awprot[i]' in combinational logic (use blocking assignment)
    at line 281 in F:\_xu\_prj\pcie_uart_tx_array\pcie_uart_invl\pcie_uart.srcs\sim_1\new\TB_1.sv [compile index 10]
*** Warning: ASSIGNMENT_NON_BLOCKING: Non-blocking assignment of 'FULL_awvalid[i]' in combinational logic (use blocking assignment)
    at line 282 in F:\_xu\_prj\pcie_uart_tx_array\pcie_uart_invl\pcie_uart.srcs\sim_1\new\TB_1.sv [compile index 10]
*** Warning: ASSIGNMENT_NON_BLOCKING: Non-blocking assignment of 'FULL_awlock[i]' in combinational logic (use blocking assignment)
    at line 283 in F:\_xu\_prj\pcie_uart_tx_array\pcie_uart_invl\pcie_uart.srcs\sim_1\new\TB_1.sv [compile index 10]
*** Warning: ASSIGNMENT_NON_BLOCKING: Non-blocking assignment of 'FULL_awcache[i]' in combinational logic (use blocking assignment)
    at line 284 in F:\_xu\_prj\pcie_uart_tx_array\pcie_uart_invl\pcie_uart.srcs\sim_1\new\TB_1.sv [compile index 10]
*** Warning: ASSIGNMENT_NON_BLOCKING: Non-blocking assignment of 'FULL_wdata[i]' in combinational logic (use blocking assignment)
    at line 286 in F:\_xu\_prj\pcie_uart_tx_array\pcie_uart_invl\pcie_uart.srcs\sim_1\new\TB_1.sv [compile index 10]
*** Warning: ASSIGNMENT_NON_BLOCKING: Non-blocking assignment of 'FULL_wstrb[i]' in combinational logic (use blocking assignment)
    at line 287 in F:\_xu\_prj\pcie_uart_tx_array\pcie_uart_invl\pcie_uart.srcs\sim_1\new\TB_1.sv [compile index 10]
*** Warning: ASSIGNMENT_NON_BLOCKING: Non-blocking assignment of 'FULL_wlast[i]' in combinational logic (use blocking assignment)
    at line 288 in F:\_xu\_prj\pcie_uart_tx_array\pcie_uart_invl\pcie_uart.srcs\sim_1\new\TB_1.sv [compile index 10]
*** Warning: ASSIGNMENT_NON_BLOCKING: Non-blocking assignment of 'FULL_wvalid[i]' in combinational logic (use blocking assignment)
    at line 289 in F:\_xu\_prj\pcie_uart_tx_array\pcie_uart_invl\pcie_uart.srcs\sim_1\new\TB_1.sv [compile index 10]
*** Warning: ASSIGNMENT_NON_BLOCKING: Non-blocking assignment of 'FULL_bready[i]' in combinational logic (use blocking assignment)
    at line 291 in F:\_xu\_prj\pcie_uart_tx_array\pcie_uart_invl\pcie_uart.srcs\sim_1\new\TB_1.sv [compile index 10]
*** Warning: WIDTH_MISMATCH_PADDING: Assignment to 'UART_RX' of '12-bit' type from 'UART_RX_r' of '1-bit' type
    at line 853 in F:\_xu\_prj\pcie_uart_tx_array\pcie_uart_invl\pcie_uart.srcs\sim_1\new\TB_1.sv [compile index 10]
*** Warning: CASE_ITEM_WIDTH_MISMATCH: Comparison between case expression 'SW' of '4-bit' type and item expression '0' of '32-bit' type
    at line 894 in F:\_xu\_prj\pcie_uart_tx_array\pcie_uart_invl\pcie_uart.srcs\sim_1\new\TB_1.sv [compile index 10]
*** Warning: CASE_ITEM_WIDTH_MISMATCH: Comparison between case expression 'SW' of '4-bit' type and item expression '1' of '32-bit' type
    at line 915 in F:\_xu\_prj\pcie_uart_tx_array\pcie_uart_invl\pcie_uart.srcs\sim_1\new\TB_1.sv [compile index 10]
*** Warning: CASE_ITEM_WIDTH_MISMATCH: Comparison between case expression 'SW' of '4-bit' type and item expression '2' of '32-bit' type
    at line 956 in F:\_xu\_prj\pcie_uart_tx_array\pcie_uart_invl\pcie_uart.srcs\sim_1\new\TB_1.sv [compile index 10]
*** Warning: CASE_ITEM_WIDTH_MISMATCH: Comparison between case expression 'SW' of '4-bit' type and item expression '3' of '32-bit' type
    at line 962 in F:\_xu\_prj\pcie_uart_tx_array\pcie_uart_invl\pcie_uart.srcs\sim_1\new\TB_1.sv [compile index 10]
*** Warning: UNELABORATED_INTERFACE: Interface 'work.axi_lite_if' is not elaborated
    at line 6 in F:\_xu\_prj\pcie_uart_tx_array\pcie_uart_invl\pcie_uart.srcs\sources_1\new\_interface.sv [compile index 8]
*** Warning: UNELABORATED_INTERFACE: Interface 'work.axi_full_if' is not elaborated
    at line 75 in F:\_xu\_prj\pcie_uart_tx_array\pcie_uart_invl\pcie_uart.srcs\sources_1\new\_interface.sv [compile index 8]
*** Warning: UNELABORATED_INTERFACE: Interface 'work.mux_buffer_debug_if' is not elaborated
    at line 213 in F:\_xu\_prj\pcie_uart_tx_array\pcie_uart_invl\pcie_uart.srcs\sources_1\new\_interface.sv [compile index 8]
*** Warning: UNELABORATED_INTERFACE: Interface 'work.axi_mux_debug_if' is not elaborated
    at line 248 in F:\_xu\_prj\pcie_uart_tx_array\pcie_uart_invl\pcie_uart.srcs\sources_1\new\_interface.sv [compile index 8]
*** Warning: UNELABORATED_INTERFACE: Interface 'work.uart_rx_debug_if' is not elaborated
    at line 277 in F:\_xu\_prj\pcie_uart_tx_array\pcie_uart_invl\pcie_uart.srcs\sources_1\new\_interface.sv [compile index 8]
*** Warning: UNELABORATED_INTERFACE: Interface 'work.uart_tx_debug_if' is not elaborated
    at line 306 in F:\_xu\_prj\pcie_uart_tx_array\pcie_uart_invl\pcie_uart.srcs\sources_1\new\_interface.sv [compile index 8]
Performing mixed post full build step (VLOG - RD) [1 ms] ...
Performing mixed post full build step (VLOG - US) [51 ms] ...
*** Warning: SIGNAL_NEVER_USED: Signal 'got_whole_brust_pkt' is never used
    at line 30 in F:\_xu\_prj\pcie_uart_tx_array\pcie_uart_invl\pcie_uart.srcs\sources_1\new\uart_f2ser_read.v [compile index 1]
*** Warning: SIGNAL_NEVER_USED: Signal 'LR_FSM_RST_REQ' is never used
    at line 38 in F:\_xu\_prj\pcie_uart_tx_array\pcie_uart_invl\pcie_uart.srcs\sources_1\new\uart_f2ser_read.v [compile index 1]
*** Warning: SIGNAL_NEVER_WRITTEN: Signal 'LR_FSM_RST_DONE' is never written
    at line 43 in F:\_xu\_prj\pcie_uart_tx_array\pcie_uart_invl\pcie_uart.srcs\sources_1\new\uart_f2ser_read.v [compile index 1]
*** Warning: PARAMETER_NEVER_USED: Parameter 'STOP_BIT_1P5' is never used
    at line 93 in F:\_xu\_prj\pcie_uart_tx_array\pcie_uart_invl\pcie_uart.srcs\sources_1\new\uart_f2ser_read.v [compile index 1]
*** Warning: SIGNAL_NEVER_READ: Signal 'timeout_flag' is never read
    at line 104 in F:\_xu\_prj\pcie_uart_tx_array\pcie_uart_invl\pcie_uart.srcs\sources_1\new\uart_f2ser_read.v [compile index 1]
*** Warning: SIGNAL_NEVER_READ: Signal 'r1_rx_cnt' is never read
    at line 111 in F:\_xu\_prj\pcie_uart_tx_array\pcie_uart_invl\pcie_uart.srcs\sources_1\new\uart_f2ser_read.v [compile index 1]
*** Warning: SIGNAL_NEVER_READ: Signal 'LR_AXI_RD_LEN_wire' is never read
    at line 115 in F:\_xu\_prj\pcie_uart_tx_array\pcie_uart_invl\pcie_uart.srcs\sources_1\new\uart_f2ser_read.v [compile index 1]
*** Warning: SIGNAL_NEVER_READ: Signal 'LR_RFF_USEDW_wire' is never read
    at line 116 in F:\_xu\_prj\pcie_uart_tx_array\pcie_uart_invl\pcie_uart.srcs\sources_1\new\uart_f2ser_read.v [compile index 1]
*** Warning: SIGNAL_NEVER_USED: Signal 'pad' is never used
    at line 148 in F:\_xu\_prj\pcie_uart_tx_array\pcie_uart_invl\pcie_uart.srcs\sources_1\new\uart_f2ser_read.v [compile index 1]
*** Warning: SIGNAL_NEVER_READ: Signal 'arid' is never read
    at line 167 in F:\_xu\_prj\pcie_uart_tx_array\pcie_uart_invl\pcie_uart.srcs\sources_1\new\uart_f2ser_read.v [compile index 1]
*** Warning: SIGNAL_NEVER_READ: Signal 'araddr' is never read
    at line 168 in F:\_xu\_prj\pcie_uart_tx_array\pcie_uart_invl\pcie_uart.srcs\sources_1\new\uart_f2ser_read.v [compile index 1]
*** Warning: SIGNAL_NEVER_READ: Signal 'arlen' is never read
    at line 169 in F:\_xu\_prj\pcie_uart_tx_array\pcie_uart_invl\pcie_uart.srcs\sources_1\new\uart_f2ser_read.v [compile index 1]
*** Warning: SIGNAL_NEVER_READ: Signal 'arsize' is never read
    at line 170 in F:\_xu\_prj\pcie_uart_tx_array\pcie_uart_invl\pcie_uart.srcs\sources_1\new\uart_f2ser_read.v [compile index 1]
*** Warning: SIGNAL_NEVER_READ: Signal 'arburst' is never read
    at line 171 in F:\_xu\_prj\pcie_uart_tx_array\pcie_uart_invl\pcie_uart.srcs\sources_1\new\uart_f2ser_read.v [compile index 1]
*** Warning: SIGNAL_NEVER_READ: Signal 'arprot' is never read
    at line 172 in F:\_xu\_prj\pcie_uart_tx_array\pcie_uart_invl\pcie_uart.srcs\sources_1\new\uart_f2ser_read.v [compile index 1]
*** Warning: SIGNAL_NEVER_READ: Signal 'arlock' is never read
    at line 174 in F:\_xu\_prj\pcie_uart_tx_array\pcie_uart_invl\pcie_uart.srcs\sources_1\new\uart_f2ser_read.v [compile index 1]
*** Warning: SIGNAL_NEVER_READ: Signal 'arcache' is never read
    at line 175 in F:\_xu\_prj\pcie_uart_tx_array\pcie_uart_invl\pcie_uart.srcs\sources_1\new\uart_f2ser_read.v [compile index 1]
*** Warning: OUTPUT_PORT_READ: Reading from output port 'is_start_bit' is not recommended
    at line 262 in F:\_xu\_prj\pcie_uart_tx_array\pcie_uart_invl\pcie_uart.srcs\sources_1\new\uart_f2ser_read.v [compile index 1]
*** Warning: OUTPUT_PORT_READ: Reading from output port 'is_start_bit' is not recommended
    at line 447 in F:\_xu\_prj\pcie_uart_tx_array\pcie_uart_invl\pcie_uart.srcs\sources_1\new\uart_f2ser_read.v [compile index 1]
*** Warning: OUTPUT_PORT_READ: Reading from output port 'is_start_bit' is not recommended
    at line 495 in F:\_xu\_prj\pcie_uart_tx_array\pcie_uart_invl\pcie_uart.srcs\sources_1\new\uart_f2ser_read.v [compile index 1]
*** Warning: OUTPUT_PORT_READ: Reading from output port 'is_start_bit' is not recommended
    at line 497 in F:\_xu\_prj\pcie_uart_tx_array\pcie_uart_invl\pcie_uart.srcs\sources_1\new\uart_f2ser_read.v [compile index 1]
*** Warning: OUTPUT_PORT_READ: Reading from output port 'is_start_bit' is not recommended
    at line 540 in F:\_xu\_prj\pcie_uart_tx_array\pcie_uart_invl\pcie_uart.srcs\sources_1\new\uart_f2ser_read.v [compile index 1]
*** Warning: OUTPUT_PORT_READ: Reading from output port 'is_start_bit' is not recommended
    at line 613 in F:\_xu\_prj\pcie_uart_tx_array\pcie_uart_invl\pcie_uart.srcs\sources_1\new\uart_f2ser_read.v [compile index 1]
*** Warning: SIGNAL_NEVER_USED: Signal 'interupt_req' is never used
    at line 29 in F:\_xu\_prj\pcie_uart_tx_array\pcie_uart_invl\pcie_uart.srcs\sources_1\new\bridge_top_v2.v [compile index 2]
*** Warning: SIGNAL_NEVER_USED: Signal 'interupt_ack' is never used
    at line 30 in F:\_xu\_prj\pcie_uart_tx_array\pcie_uart_invl\pcie_uart.srcs\sources_1\new\bridge_top_v2.v [compile index 2]
*** Warning: SIGNAL_NEVER_WRITTEN: Signal 'UART_TX' is never written
    at line 539 in F:\_xu\_prj\pcie_uart_tx_array\pcie_uart_invl\pcie_uart.srcs\sources_1\new\bridge_top_v2.v [compile index 2]
*** Warning: SIGNAL_NEVER_READ: Signal 'FULL_awid' is never read
    at line 543 in F:\_xu\_prj\pcie_uart_tx_array\pcie_uart_invl\pcie_uart.srcs\sources_1\new\bridge_top_v2.v [compile index 2]
*** Warning: SIGNAL_NEVER_READ: Signal 'FULL_awaddr' is never read
    at line 544 in F:\_xu\_prj\pcie_uart_tx_array\pcie_uart_invl\pcie_uart.srcs\sources_1\new\bridge_top_v2.v [compile index 2]
*** Warning: SIGNAL_NEVER_READ: Signal 'FULL_awlen' is never read
    at line 545 in F:\_xu\_prj\pcie_uart_tx_array\pcie_uart_invl\pcie_uart.srcs\sources_1\new\bridge_top_v2.v [compile index 2]
*** Warning: SIGNAL_NEVER_READ: Signal 'FULL_awsize' is never read
    at line 546 in F:\_xu\_prj\pcie_uart_tx_array\pcie_uart_invl\pcie_uart.srcs\sources_1\new\bridge_top_v2.v [compile index 2]
*** Warning: SIGNAL_NEVER_READ: Signal 'FULL_awburst' is never read
    at line 547 in F:\_xu\_prj\pcie_uart_tx_array\pcie_uart_invl\pcie_uart.srcs\sources_1\new\bridge_top_v2.v [compile index 2]
*** Warning: SIGNAL_NEVER_READ: Signal 'FULL_awprot' is never read
    at line 548 in F:\_xu\_prj\pcie_uart_tx_array\pcie_uart_invl\pcie_uart.srcs\sources_1\new\bridge_top_v2.v [compile index 2]
*** Warning: SIGNAL_NEVER_READ: Signal 'FULL_awvalid' is never read
    at line 549 in F:\_xu\_prj\pcie_uart_tx_array\pcie_uart_invl\pcie_uart.srcs\sources_1\new\bridge_top_v2.v [compile index 2]
*** Warning: SIGNAL_NEVER_READ: Signal 'FULL_awlock' is never read
    at line 550 in F:\_xu\_prj\pcie_uart_tx_array\pcie_uart_invl\pcie_uart.srcs\sources_1\new\bridge_top_v2.v [compile index 2]
*** Warning: SIGNAL_NEVER_READ: Signal 'FULL_awcache' is never read
    at line 551 in F:\_xu\_prj\pcie_uart_tx_array\pcie_uart_invl\pcie_uart.srcs\sources_1\new\bridge_top_v2.v [compile index 2]
*** Warning: SIGNAL_NEVER_WRITTEN: Signal 'FULL_awready' is never written
    at line 552 in F:\_xu\_prj\pcie_uart_tx_array\pcie_uart_invl\pcie_uart.srcs\sources_1\new\bridge_top_v2.v [compile index 2]
*** Warning: SIGNAL_NEVER_READ: Signal 'FULL_wdata' is never read
    at line 554 in F:\_xu\_prj\pcie_uart_tx_array\pcie_uart_invl\pcie_uart.srcs\sources_1\new\bridge_top_v2.v [compile index 2]
*** Warning: SIGNAL_NEVER_READ: Signal 'FULL_wstrb' is never read
    at line 555 in F:\_xu\_prj\pcie_uart_tx_array\pcie_uart_invl\pcie_uart.srcs\sources_1\new\bridge_top_v2.v [compile index 2]
*** Warning: SIGNAL_NEVER_READ: Signal 'FULL_wlast' is never read
    at line 556 in F:\_xu\_prj\pcie_uart_tx_array\pcie_uart_invl\pcie_uart.srcs\sources_1\new\bridge_top_v2.v [compile index 2]
*** Warning: SIGNAL_NEVER_READ: Signal 'FULL_wvalid' is never read
    at line 557 in F:\_xu\_prj\pcie_uart_tx_array\pcie_uart_invl\pcie_uart.srcs\sources_1\new\bridge_top_v2.v [compile index 2]
*** Warning: SIGNAL_NEVER_WRITTEN: Signal 'FULL_wready' is never written
    at line 558 in F:\_xu\_prj\pcie_uart_tx_array\pcie_uart_invl\pcie_uart.srcs\sources_1\new\bridge_top_v2.v [compile index 2]
*** Warning: SIGNAL_NEVER_WRITTEN: Signal 'FULL_bid' is never written
    at line 560 in F:\_xu\_prj\pcie_uart_tx_array\pcie_uart_invl\pcie_uart.srcs\sources_1\new\bridge_top_v2.v [compile index 2]
*** Warning: SIGNAL_NEVER_WRITTEN: Signal 'FULL_bresp' is never written
    at line 561 in F:\_xu\_prj\pcie_uart_tx_array\pcie_uart_invl\pcie_uart.srcs\sources_1\new\bridge_top_v2.v [compile index 2]
*** Warning: SIGNAL_NEVER_WRITTEN: Signal 'FULL_bvalid' is never written
    at line 562 in F:\_xu\_prj\pcie_uart_tx_array\pcie_uart_invl\pcie_uart.srcs\sources_1\new\bridge_top_v2.v [compile index 2]
*** Warning: SIGNAL_NEVER_READ: Signal 'FULL_bready' is never read
    at line 563 in F:\_xu\_prj\pcie_uart_tx_array\pcie_uart_invl\pcie_uart.srcs\sources_1\new\bridge_top_v2.v [compile index 2]
*** Warning: SIGNAL_NEVER_READ: Signal 'is_start_bit' is never read (connected to sub-instance output port)
    at line 583 in F:\_xu\_prj\pcie_uart_tx_array\pcie_uart_invl\pcie_uart.srcs\sources_1\new\bridge_top_v2.v [compile index 2]
*** Warning: SIGNAL_NEVER_READ: Signal 'got_whole_brust_pkt' is never read (connected to sub-instance output port)
    at line 585 in F:\_xu\_prj\pcie_uart_tx_array\pcie_uart_invl\pcie_uart.srcs\sources_1\new\bridge_top_v2.v [compile index 2]
*** Warning: SIGNAL_NEVER_WRITTEN: Signal 'LITE_REG_RSYNC_REQ' is never written
    at line 590 in F:\_xu\_prj\pcie_uart_tx_array\pcie_uart_invl\pcie_uart.srcs\sources_1\new\bridge_top_v2.v [compile index 2]
*** Warning: SIGNAL_NEVER_WRITTEN: Signal 'LITE_REG_RSYNC_BAUD_RATE' is never written
    at line 591 in F:\_xu\_prj\pcie_uart_tx_array\pcie_uart_invl\pcie_uart.srcs\sources_1\new\bridge_top_v2.v [compile index 2]
*** Warning: SIGNAL_NEVER_WRITTEN: Signal 'LITE_REG_RSYNC_STOP_BIT' is never written
    at line 592 in F:\_xu\_prj\pcie_uart_tx_array\pcie_uart_invl\pcie_uart.srcs\sources_1\new\bridge_top_v2.v [compile index 2]
*** Warning: SIGNAL_NEVER_WRITTEN: Signal 'LITE_REG_RSYNC_P_CHK' is never written
    at line 593 in F:\_xu\_prj\pcie_uart_tx_array\pcie_uart_invl\pcie_uart.srcs\sources_1\new\bridge_top_v2.v [compile index 2]
*** Warning: SIGNAL_NEVER_WRITTEN: Signal 'LITE_REG_RSYNC_D_WIDTH' is never written
    at line 594 in F:\_xu\_prj\pcie_uart_tx_array\pcie_uart_invl\pcie_uart.srcs\sources_1\new\bridge_top_v2.v [compile index 2]
*** Warning: SIGNAL_NEVER_WRITTEN: Signal 'LITE_REG_RSYNC_STOP_PCHK_ENA' is never written
    at line 595 in F:\_xu\_prj\pcie_uart_tx_array\pcie_uart_invl\pcie_uart.srcs\sources_1\new\bridge_top_v2.v [compile index 2]
*** Warning: SIGNAL_NEVER_WRITTEN: Signal 'LITE_REG_RSYNC_FSM_RST_REQ' is never written
    at line 596 in F:\_xu\_prj\pcie_uart_tx_array\pcie_uart_invl\pcie_uart.srcs\sources_1\new\bridge_top_v2.v [compile index 2]
*** Warning: SIGNAL_NEVER_WRITTEN: Signal 'LITE_REG_RSYNC_AXI_BRUST_LEN' is never written
    at line 597 in F:\_xu\_prj\pcie_uart_tx_array\pcie_uart_invl\pcie_uart.srcs\sources_1\new\bridge_top_v2.v [compile index 2]
*** Warning: SIGNAL_NEVER_WRITTEN: Signal 'LITE_REG_TSYNC_REQ' is never written
    at line 599 in F:\_xu\_prj\pcie_uart_tx_array\pcie_uart_invl\pcie_uart.srcs\sources_1\new\bridge_top_v2.v [compile index 2]
*** Warning: SIGNAL_NEVER_WRITTEN: Signal 'LITE_REG_TSYNC_BAUD_RATE' is never written
    at line 600 in F:\_xu\_prj\pcie_uart_tx_array\pcie_uart_invl\pcie_uart.srcs\sources_1\new\bridge_top_v2.v [compile index 2]
*** Warning: SIGNAL_NEVER_WRITTEN: Signal 'LITE_REG_TSYNC_STOP_BIT' is never written
    at line 601 in F:\_xu\_prj\pcie_uart_tx_array\pcie_uart_invl\pcie_uart.srcs\sources_1\new\bridge_top_v2.v [compile index 2]
*** Warning: SIGNAL_NEVER_WRITTEN: Signal 'LITE_REG_TSYNC_P_CHK' is never written
    at line 602 in F:\_xu\_prj\pcie_uart_tx_array\pcie_uart_invl\pcie_uart.srcs\sources_1\new\bridge_top_v2.v [compile index 2]
*** Warning: SIGNAL_NEVER_WRITTEN: Signal 'LITE_REG_TSYNC_D_WIDTH' is never written
    at line 603 in F:\_xu\_prj\pcie_uart_tx_array\pcie_uart_invl\pcie_uart.srcs\sources_1\new\bridge_top_v2.v [compile index 2]
*** Warning: SIGNAL_NEVER_WRITTEN: Signal 'LITE_REG_TSYNC_INVL_MODE' is never written
    at line 604 in F:\_xu\_prj\pcie_uart_tx_array\pcie_uart_invl\pcie_uart.srcs\sources_1\new\bridge_top_v2.v [compile index 2]
*** Warning: SIGNAL_NEVER_WRITTEN: Signal 'LITE_REG_TSYNC_INVL_HF_BAUD' is never written
    at line 605 in F:\_xu\_prj\pcie_uart_tx_array\pcie_uart_invl\pcie_uart.srcs\sources_1\new\bridge_top_v2.v [compile index 2]
*** Warning: SIGNAL_NEVER_WRITTEN: Signal 'LITE_REG_TSYNC_INVL_CLK_PD' is never written
    at line 606 in F:\_xu\_prj\pcie_uart_tx_array\pcie_uart_invl\pcie_uart.srcs\sources_1\new\bridge_top_v2.v [compile index 2]
*** Warning: SIGNAL_NEVER_WRITTEN: Signal 'LITE_REG_RX_CFG_REQ' is never written
    at line 608 in F:\_xu\_prj\pcie_uart_tx_array\pcie_uart_invl\pcie_uart.srcs\sources_1\new\bridge_top_v2.v [compile index 2]
*** Warning: SIGNAL_NEVER_WRITTEN: Signal 'LITE_REG_RX_STOP_PCHK_ENA' is never written
    at line 614 in F:\_xu\_prj\pcie_uart_tx_array\pcie_uart_invl\pcie_uart.srcs\sources_1\new\bridge_top_v2.v [compile index 2]
*** Warning: SIGNAL_NEVER_WRITTEN: Signal 'LITE_REG_RX_FSM_RST_REQ' is never written
    at line 617 in F:\_xu\_prj\pcie_uart_tx_array\pcie_uart_invl\pcie_uart.srcs\sources_1\new\bridge_top_v2.v [compile index 2]
*** Warning: SIGNAL_NEVER_WRITTEN: Signal 'LITE_REG_TX_CFG_REQ' is never written
    at line 623 in F:\_xu\_prj\pcie_uart_tx_array\pcie_uart_invl\pcie_uart.srcs\sources_1\new\bridge_top_v2.v [compile index 2]
*** Warning: SIGNAL_NEVER_WRITTEN: Signal 'LITE_REG_TX_CFG_DONE' is never written
    at line 624 in F:\_xu\_prj\pcie_uart_tx_array\pcie_uart_invl\pcie_uart.srcs\sources_1\new\bridge_top_v2.v [compile index 2]
*** Warning: SIGNAL_NEVER_WRITTEN: Signal 'LITE_REG_TX_INVL_MODE' is never written
    at line 629 in F:\_xu\_prj\pcie_uart_tx_array\pcie_uart_invl\pcie_uart.srcs\sources_1\new\bridge_top_v2.v [compile index 2]
*** Warning: SIGNAL_NEVER_WRITTEN: Signal 'LITE_REG_TX_INVL_HF_BAUD' is never written
    at line 630 in F:\_xu\_prj\pcie_uart_tx_array\pcie_uart_invl\pcie_uart.srcs\sources_1\new\bridge_top_v2.v [compile index 2]
*** Warning: SIGNAL_NEVER_WRITTEN: Signal 'LITE_REG_TX_INVL_CLK_PD' is never written
    at line 631 in F:\_xu\_prj\pcie_uart_tx_array\pcie_uart_invl\pcie_uart.srcs\sources_1\new\bridge_top_v2.v [compile index 2]
*** Warning: SIGNAL_NEVER_WRITTEN: Signal 'LITE_REG_TX_TFF_USEDW' is never written
    at line 632 in F:\_xu\_prj\pcie_uart_tx_array\pcie_uart_invl\pcie_uart.srcs\sources_1\new\bridge_top_v2.v [compile index 2]
*** Warning: SIGNAL_NEVER_USED: Signal 'LITE_REG_TX_AXI_WR_MAX_LEN' is never used
    at line 633 in F:\_xu\_prj\pcie_uart_tx_array\pcie_uart_invl\pcie_uart.srcs\sources_1\new\bridge_top_v2.v [compile index 2]
*** Warning: SIGNAL_NEVER_READ: Signal 'sys_axi_wr_max_len' is never read
    at line 637 in F:\_xu\_prj\pcie_uart_tx_array\pcie_uart_invl\pcie_uart.srcs\sources_1\new\bridge_top_v2.v [compile index 2]
*** Warning: SIGNAL_NEVER_READ: Signal 'rx_cfg_done' is never read
    at line 640 in F:\_xu\_prj\pcie_uart_tx_array\pcie_uart_invl\pcie_uart.srcs\sources_1\new\bridge_top_v2.v [compile index 2]
*** Warning: SIGNAL_NEVER_READ: Signal 'rx_baud_rate' is never read
    at line 641 in F:\_xu\_prj\pcie_uart_tx_array\pcie_uart_invl\pcie_uart.srcs\sources_1\new\bridge_top_v2.v [compile index 2]
*** Warning: SIGNAL_NEVER_READ: Signal 'rx_stop_bit_err_cnt' is never read
    at line 646 in F:\_xu\_prj\pcie_uart_tx_array\pcie_uart_invl\pcie_uart.srcs\sources_1\new\bridge_top_v2.v [compile index 2]
*** Warning: SIGNAL_NEVER_READ: Signal 'rx_pchk_err_cnt' is never read
    at line 647 in F:\_xu\_prj\pcie_uart_tx_array\pcie_uart_invl\pcie_uart.srcs\sources_1\new\bridge_top_v2.v [compile index 2]
*** Warning: SIGNAL_NEVER_READ: Signal 'rx_fsm_rst_done' is never read
    at line 649 in F:\_xu\_prj\pcie_uart_tx_array\pcie_uart_invl\pcie_uart.srcs\sources_1\new\bridge_top_v2.v [compile index 2]
*** Warning: SIGNAL_NEVER_READ: Signal 'tx_cfg_req' is never read
    at line 654 in F:\_xu\_prj\pcie_uart_tx_array\pcie_uart_invl\pcie_uart.srcs\sources_1\new\bridge_top_v2.v [compile index 2]
*** Warning: SIGNAL_NEVER_READ: Signal 'tx_cfg_done' is never read
    at line 655 in F:\_xu\_prj\pcie_uart_tx_array\pcie_uart_invl\pcie_uart.srcs\sources_1\new\bridge_top_v2.v [compile index 2]
*** Warning: SIGNAL_NEVER_READ: Signal 'tx_baud_rate' is never read
    at line 656 in F:\_xu\_prj\pcie_uart_tx_array\pcie_uart_invl\pcie_uart.srcs\sources_1\new\bridge_top_v2.v [compile index 2]
*** Warning: SIGNAL_NEVER_READ: Signal 'tx_stop_bit' is never read
    at line 657 in F:\_xu\_prj\pcie_uart_tx_array\pcie_uart_invl\pcie_uart.srcs\sources_1\new\bridge_top_v2.v [compile index 2]
*** Warning: SIGNAL_NEVER_READ: Signal 'tx_p_chk' is never read
    at line 658 in F:\_xu\_prj\pcie_uart_tx_array\pcie_uart_invl\pcie_uart.srcs\sources_1\new\bridge_top_v2.v [compile index 2]
*** Warning: SIGNAL_NEVER_READ: Signal 'tx_d_wdith' is never read
    at line 659 in F:\_xu\_prj\pcie_uart_tx_array\pcie_uart_invl\pcie_uart.srcs\sources_1\new\bridge_top_v2.v [compile index 2]
*** Warning: SIGNAL_NEVER_READ: Signal 'tx_invl_mode' is never read
    at line 660 in F:\_xu\_prj\pcie_uart_tx_array\pcie_uart_invl\pcie_uart.srcs\sources_1\new\bridge_top_v2.v [compile index 2]
*** Warning: SIGNAL_NEVER_READ: Signal 'tx_invl_hf_baud' is never read
    at line 661 in F:\_xu\_prj\pcie_uart_tx_array\pcie_uart_invl\pcie_uart.srcs\sources_1\new\bridge_top_v2.v [compile index 2]
*** Warning: SIGNAL_NEVER_READ: Signal 'tx_invl_clk_pd' is never read
    at line 662 in F:\_xu\_prj\pcie_uart_tx_array\pcie_uart_invl\pcie_uart.srcs\sources_1\new\bridge_top_v2.v [compile index 2]
*** Warning: SIGNAL_NEVER_READ: Signal 'tx_axi_wr_eff_len' is never read
    at line 664 in F:\_xu\_prj\pcie_uart_tx_array\pcie_uart_invl\pcie_uart.srcs\sources_1\new\bridge_top_v2.v [compile index 2]
*** Warning: SIGNAL_NEVER_WRITTEN: Signal 'rx_chl_clr_req' is never written (connected to sub-instance input port)
    at line 666 in F:\_xu\_prj\pcie_uart_tx_array\pcie_uart_invl\pcie_uart.srcs\sources_1\new\bridge_top_v2.v [compile index 2]
*** Warning: SIGNAL_NEVER_READ: Signal 'rx_chl_clr_done' is never read (connected to sub-instance output port)
    at line 667 in F:\_xu\_prj\pcie_uart_tx_array\pcie_uart_invl\pcie_uart.srcs\sources_1\new\bridge_top_v2.v [compile index 2]
*** Warning: SIGNAL_NEVER_USED: Signal 'tx_chl_clr_req' is never used
    at line 669 in F:\_xu\_prj\pcie_uart_tx_array\pcie_uart_invl\pcie_uart.srcs\sources_1\new\bridge_top_v2.v [compile index 2]
*** Warning: SIGNAL_NEVER_USED: Signal 'tx_chl_clr_done' is never used
    at line 670 in F:\_xu\_prj\pcie_uart_tx_array\pcie_uart_invl\pcie_uart.srcs\sources_1\new\bridge_top_v2.v [compile index 2]
*** Warning: SIGNAL_NEVER_WRITTEN: Signal 'rx_driv_flag' is never written (connected to sub-instance input port)
    at line 672 in F:\_xu\_prj\pcie_uart_tx_array\pcie_uart_invl\pcie_uart.srcs\sources_1\new\bridge_top_v2.v [compile index 2]
*** Warning: SIGNAL_NEVER_WRITTEN: Signal 'tx_driv_flag' is never written
    at line 673 in F:\_xu\_prj\pcie_uart_tx_array\pcie_uart_invl\pcie_uart.srcs\sources_1\new\bridge_top_v2.v [compile index 2]
*** Warning: SIGNAL_NEVER_READ: Signal 'r1_LITE_REG_RSYNC_REQ' is never read
    at line 675 in F:\_xu\_prj\pcie_uart_tx_array\pcie_uart_invl\pcie_uart.srcs\sources_1\new\bridge_top_v2.v [compile index 2]
*** Warning: SIGNAL_NEVER_READ: Signal 'r1_LITE_REG_TSYNC_REQ' is never read
    at line 676 in F:\_xu\_prj\pcie_uart_tx_array\pcie_uart_invl\pcie_uart.srcs\sources_1\new\bridge_top_v2.v [compile index 2]
*** Warning: SIGNAL_NEVER_USED: Signal 'LR_TEST_FLAG' is never used
    at line 678 in F:\_xu\_prj\pcie_uart_tx_array\pcie_uart_invl\pcie_uart.srcs\sources_1\new\bridge_top_v2.v [compile index 2]
*** Warning: SIGNAL_NEVER_USED: Signal 'LR_TEST_ERR_INFO' is never used
    at line 679 in F:\_xu\_prj\pcie_uart_tx_array\pcie_uart_invl\pcie_uart.srcs\sources_1\new\bridge_top_v2.v [compile index 2]
*** Warning: SIGNAL_NOT_RESET: Signal 'tx_tff_usedw' is not reset
    at line 870 in F:\_xu\_prj\pcie_uart_tx_array\pcie_uart_invl\pcie_uart.srcs\sources_1\new\bridge_top_v2.v [compile index 2]
*** Warning: SIGNAL_NEVER_USED: Signal 'lite_offset_e' is never used
    at line 468 in F:\_xu\_prj\pcie_uart_tx_array\pcie_uart_invl\pcie_uart.srcs\sources_1\new\xdma_lite_rw.sv [compile index 3]
*** Warning: SIGNAL_NEVER_READ: Signal 'awprot' is never read
    at line 478 in F:\_xu\_prj\pcie_uart_tx_array\pcie_uart_invl\pcie_uart.srcs\sources_1\new\xdma_lite_rw.sv [compile index 3]
*** Warning: SIGNAL_NEVER_READ: Signal 'wstrb' is never read
    at line 486 in F:\_xu\_prj\pcie_uart_tx_array\pcie_uart_invl\pcie_uart.srcs\sources_1\new\xdma_lite_rw.sv [compile index 3]
*** Warning: SIGNAL_NEVER_READ: Signal 'arprot' is never read
    at line 502 in F:\_xu\_prj\pcie_uart_tx_array\pcie_uart_invl\pcie_uart.srcs\sources_1\new\xdma_lite_rw.sv [compile index 3]
*** Warning: SIGNAL_NEVER_READ: Signal 'LOG_SW' is never read
    at line 68 in F:\_xu\_prj\pcie_uart_tx_array\pcie_uart_invl\pcie_uart.srcs\sim_1\new\TB_1.sv [compile index 10]
*** Warning: SIGNAL_NEVER_READ: Signal 'INIT' is never read
    at line 71 in F:\_xu\_prj\pcie_uart_tx_array\pcie_uart_invl\pcie_uart.srcs\sim_1\new\TB_1.sv [compile index 10]
*** Warning: SIGNAL_NEVER_READ: Signal 'WR_WALT' is never read
    at line 72 in F:\_xu\_prj\pcie_uart_tx_array\pcie_uart_invl\pcie_uart.srcs\sim_1\new\TB_1.sv [compile index 10]
*** Warning: SIGNAL_NEVER_READ: Signal 'interupt_req' is never read (connected to sub-instance output port)
    at line 80 in F:\_xu\_prj\pcie_uart_tx_array\pcie_uart_invl\pcie_uart.srcs\sim_1\new\TB_1.sv [compile index 10]
*** Warning: SIGNAL_NEVER_WRITTEN: Signal 'interupt_ack' is never written (connected to sub-instance input port)
    at line 81 in F:\_xu\_prj\pcie_uart_tx_array\pcie_uart_invl\pcie_uart.srcs\sim_1\new\TB_1.sv [compile index 10]
*** Warning: SIGNAL_NEVER_WRITTEN: Signal 'LOGIC_VERSION' is never written (connected to sub-instance input port)
    at line 82 in F:\_xu\_prj\pcie_uart_tx_array\pcie_uart_invl\pcie_uart.srcs\sim_1\new\TB_1.sv [compile index 10]
*** Warning: SIGNAL_NEVER_WRITTEN: Signal 'LOGIC_SUB_VERSION' is never written (connected to sub-instance input port)
    at line 83 in F:\_xu\_prj\pcie_uart_tx_array\pcie_uart_invl\pcie_uart.srcs\sim_1\new\TB_1.sv [compile index 10]
*** Warning: SIGNAL_NEVER_READ: Signal 's_axi_lite_awready' is never read (connected to sub-instance output port)
    at line 89 in F:\_xu\_prj\pcie_uart_tx_array\pcie_uart_invl\pcie_uart.srcs\sim_1\new\TB_1.sv [compile index 10]
*** Warning: SIGNAL_NEVER_READ: Signal 's_axi_lite_wready' is never read (connected to sub-instance output port)
    at line 94 in F:\_xu\_prj\pcie_uart_tx_array\pcie_uart_invl\pcie_uart.srcs\sim_1\new\TB_1.sv [compile index 10]
*** Warning: SIGNAL_NEVER_READ: Signal 's_axi_lite_bvalid' is never read (connected to sub-instance output port)
    at line 96 in F:\_xu\_prj\pcie_uart_tx_array\pcie_uart_invl\pcie_uart.srcs\sim_1\new\TB_1.sv [compile index 10]
*** Warning: SIGNAL_NEVER_READ: Signal 's_axi_lite_bresp' is never read (connected to sub-instance output port)
    at line 97 in F:\_xu\_prj\pcie_uart_tx_array\pcie_uart_invl\pcie_uart.srcs\sim_1\new\TB_1.sv [compile index 10]
*** Warning: SIGNAL_NEVER_READ: Signal 's_axi_lite_rdata' is never read (connected to sub-instance output port)
    at line 105 in F:\_xu\_prj\pcie_uart_tx_array\pcie_uart_invl\pcie_uart.srcs\sim_1\new\TB_1.sv [compile index 10]
*** Warning: SIGNAL_NEVER_READ: Signal 's_axi_lite_rresp' is never read (connected to sub-instance output port)
    at line 106 in F:\_xu\_prj\pcie_uart_tx_array\pcie_uart_invl\pcie_uart.srcs\sim_1\new\TB_1.sv [compile index 10]
*** Warning: SIGNAL_NEVER_USED: Signal 'RD_IMG_awid' is never used
    at line 154 in F:\_xu\_prj\pcie_uart_tx_array\pcie_uart_invl\pcie_uart.srcs\sim_1\new\TB_1.sv [compile index 10]
*** Warning: SIGNAL_NEVER_USED: Signal 'RD_IMG_awaddr' is never used
    at line 155 in F:\_xu\_prj\pcie_uart_tx_array\pcie_uart_invl\pcie_uart.srcs\sim_1\new\TB_1.sv [compile index 10]
*** Warning: SIGNAL_NEVER_USED: Signal 'RD_IMG_awlen' is never used
    at line 156 in F:\_xu\_prj\pcie_uart_tx_array\pcie_uart_invl\pcie_uart.srcs\sim_1\new\TB_1.sv [compile index 10]
*** Warning: SIGNAL_NEVER_USED: Signal 'RD_IMG_awsize' is never used
    at line 157 in F:\_xu\_prj\pcie_uart_tx_array\pcie_uart_invl\pcie_uart.srcs\sim_1\new\TB_1.sv [compile index 10]
*** Warning: SIGNAL_NEVER_USED: Signal 'RD_IMG_awburst' is never used
    at line 158 in F:\_xu\_prj\pcie_uart_tx_array\pcie_uart_invl\pcie_uart.srcs\sim_1\new\TB_1.sv [compile index 10]
*** Warning: SIGNAL_NEVER_USED: Signal 'RD_IMG_awprot' is never used
    at line 159 in F:\_xu\_prj\pcie_uart_tx_array\pcie_uart_invl\pcie_uart.srcs\sim_1\new\TB_1.sv [compile index 10]
*** Warning: SIGNAL_NEVER_USED: Signal 'RD_IMG_awvalid' is never used
    at line 160 in F:\_xu\_prj\pcie_uart_tx_array\pcie_uart_invl\pcie_uart.srcs\sim_1\new\TB_1.sv [compile index 10]
*** Warning: SIGNAL_NEVER_USED: Signal 'RD_IMG_awlock' is never used
    at line 161 in F:\_xu\_prj\pcie_uart_tx_array\pcie_uart_invl\pcie_uart.srcs\sim_1\new\TB_1.sv [compile index 10]
*** Warning: SIGNAL_NEVER_USED: Signal 'RD_IMG_awcache' is never used
    at line 162 in F:\_xu\_prj\pcie_uart_tx_array\pcie_uart_invl\pcie_uart.srcs\sim_1\new\TB_1.sv [compile index 10]
*** Warning: SIGNAL_NEVER_USED: Signal 'RD_IMG_awready' is never used
    at line 163 in F:\_xu\_prj\pcie_uart_tx_array\pcie_uart_invl\pcie_uart.srcs\sim_1\new\TB_1.sv [compile index 10]
*** Warning: SIGNAL_NEVER_USED: Signal 'RD_IMG_wdata' is never used
    at line 164 in F:\_xu\_prj\pcie_uart_tx_array\pcie_uart_invl\pcie_uart.srcs\sim_1\new\TB_1.sv [compile index 10]
*** Warning: SIGNAL_NEVER_USED: Signal 'RD_IMG_wstrb' is never used
    at line 165 in F:\_xu\_prj\pcie_uart_tx_array\pcie_uart_invl\pcie_uart.srcs\sim_1\new\TB_1.sv [compile index 10]
*** Warning: SIGNAL_NEVER_USED: Signal 'RD_IMG_wlast' is never used
    at line 166 in F:\_xu\_prj\pcie_uart_tx_array\pcie_uart_invl\pcie_uart.srcs\sim_1\new\TB_1.sv [compile index 10]
*** Warning: SIGNAL_NEVER_USED: Signal 'RD_IMG_wvalid' is never used
    at line 167 in F:\_xu\_prj\pcie_uart_tx_array\pcie_uart_invl\pcie_uart.srcs\sim_1\new\TB_1.sv [compile index 10]
*** Warning: SIGNAL_NEVER_USED: Signal 'RD_IMG_wready' is never used
    at line 168 in F:\_xu\_prj\pcie_uart_tx_array\pcie_uart_invl\pcie_uart.srcs\sim_1\new\TB_1.sv [compile index 10]
*** Warning: SIGNAL_NEVER_USED: Signal 'RD_IMG_bid' is never used
    at line 169 in F:\_xu\_prj\pcie_uart_tx_array\pcie_uart_invl\pcie_uart.srcs\sim_1\new\TB_1.sv [compile index 10]
*** Warning: SIGNAL_NEVER_USED: Signal 'RD_IMG_bresp' is never used
    at line 170 in F:\_xu\_prj\pcie_uart_tx_array\pcie_uart_invl\pcie_uart.srcs\sim_1\new\TB_1.sv [compile index 10]
*** Warning: SIGNAL_NEVER_USED: Signal 'RD_IMG_bvalid' is never used
    at line 171 in F:\_xu\_prj\pcie_uart_tx_array\pcie_uart_invl\pcie_uart.srcs\sim_1\new\TB_1.sv [compile index 10]
*** Warning: SIGNAL_NEVER_USED: Signal 'RD_IMG_bready' is never used
    at line 172 in F:\_xu\_prj\pcie_uart_tx_array\pcie_uart_invl\pcie_uart.srcs\sim_1\new\TB_1.sv [compile index 10]
*** Warning: SIGNAL_NEVER_READ: Signal 'RD_IMG_rid' is never read
    at line 183 in F:\_xu\_prj\pcie_uart_tx_array\pcie_uart_invl\pcie_uart.srcs\sim_1\new\TB_1.sv [compile index 10]
*** Warning: SIGNAL_NEVER_READ: Signal 'RD_IMG_rdata' is never read
    at line 184 in F:\_xu\_prj\pcie_uart_tx_array\pcie_uart_invl\pcie_uart.srcs\sim_1\new\TB_1.sv [compile index 10]
*** Warning: SIGNAL_NEVER_READ: Signal 'RD_IMG_rresp' is never read
    at line 185 in F:\_xu\_prj\pcie_uart_tx_array\pcie_uart_invl\pcie_uart.srcs\sim_1\new\TB_1.sv [compile index 10]
*** Warning: SIGNAL_NEVER_READ: Signal 'RD_IMG_rvalid' is never read
    at line 187 in F:\_xu\_prj\pcie_uart_tx_array\pcie_uart_invl\pcie_uart.srcs\sim_1\new\TB_1.sv [compile index 10]
*** Warning: SIGNAL_NEVER_READ: Signal 'WR_IMG_bid' is never read
    at line 205 in F:\_xu\_prj\pcie_uart_tx_array\pcie_uart_invl\pcie_uart.srcs\sim_1\new\TB_1.sv [compile index 10]
*** Warning: SIGNAL_NEVER_READ: Signal 'WR_IMG_bresp' is never read
    at line 206 in F:\_xu\_prj\pcie_uart_tx_array\pcie_uart_invl\pcie_uart.srcs\sim_1\new\TB_1.sv [compile index 10]
*** Warning: SIGNAL_NEVER_READ: Signal 'WR_IMG_bvalid' is never read
    at line 207 in F:\_xu\_prj\pcie_uart_tx_array\pcie_uart_invl\pcie_uart.srcs\sim_1\new\TB_1.sv [compile index 10]
*** Warning: SIGNAL_NEVER_USED: Signal 'WR_IMG_arid' is never used
    at line 209 in F:\_xu\_prj\pcie_uart_tx_array\pcie_uart_invl\pcie_uart.srcs\sim_1\new\TB_1.sv [compile index 10]
*** Warning: SIGNAL_NEVER_USED: Signal 'WR_IMG_araddr' is never used
    at line 210 in F:\_xu\_prj\pcie_uart_tx_array\pcie_uart_invl\pcie_uart.srcs\sim_1\new\TB_1.sv [compile index 10]
*** Warning: SIGNAL_NEVER_USED: Signal 'WR_IMG_arlen' is never used
    at line 211 in F:\_xu\_prj\pcie_uart_tx_array\pcie_uart_invl\pcie_uart.srcs\sim_1\new\TB_1.sv [compile index 10]
*** Warning: SIGNAL_NEVER_USED: Signal 'WR_IMG_arsize' is never used
    at line 212 in F:\_xu\_prj\pcie_uart_tx_array\pcie_uart_invl\pcie_uart.srcs\sim_1\new\TB_1.sv [compile index 10]
*** Warning: SIGNAL_NEVER_USED: Signal 'WR_IMG_arburst' is never used
    at line 213 in F:\_xu\_prj\pcie_uart_tx_array\pcie_uart_invl\pcie_uart.srcs\sim_1\new\TB_1.sv [compile index 10]
*** Warning: SIGNAL_NEVER_USED: Signal 'WR_IMG_arprot' is never used
    at line 214 in F:\_xu\_prj\pcie_uart_tx_array\pcie_uart_invl\pcie_uart.srcs\sim_1\new\TB_1.sv [compile index 10]
*** Warning: SIGNAL_NEVER_USED: Signal 'WR_IMG_arvalid' is never used
    at line 215 in F:\_xu\_prj\pcie_uart_tx_array\pcie_uart_invl\pcie_uart.srcs\sim_1\new\TB_1.sv [compile index 10]
*** Warning: SIGNAL_NEVER_USED: Signal 'WR_IMG_arlock' is never used
    at line 216 in F:\_xu\_prj\pcie_uart_tx_array\pcie_uart_invl\pcie_uart.srcs\sim_1\new\TB_1.sv [compile index 10]
*** Warning: SIGNAL_NEVER_USED: Signal 'WR_IMG_arcache' is never used
    at line 217 in F:\_xu\_prj\pcie_uart_tx_array\pcie_uart_invl\pcie_uart.srcs\sim_1\new\TB_1.sv [compile index 10]
*** Warning: SIGNAL_NEVER_USED: Signal 'WR_IMG_arready' is never used
    at line 218 in F:\_xu\_prj\pcie_uart_tx_array\pcie_uart_invl\pcie_uart.srcs\sim_1\new\TB_1.sv [compile index 10]
*** Warning: SIGNAL_NEVER_USED: Signal 'WR_IMG_rid' is never used
    at line 219 in F:\_xu\_prj\pcie_uart_tx_array\pcie_uart_invl\pcie_uart.srcs\sim_1\new\TB_1.sv [compile index 10]
*** Warning: SIGNAL_NEVER_USED: Signal 'WR_IMG_rdata' is never used
    at line 220 in F:\_xu\_prj\pcie_uart_tx_array\pcie_uart_invl\pcie_uart.srcs\sim_1\new\TB_1.sv [compile index 10]
*** Warning: SIGNAL_NEVER_USED: Signal 'WR_IMG_rresp' is never used
    at line 221 in F:\_xu\_prj\pcie_uart_tx_array\pcie_uart_invl\pcie_uart.srcs\sim_1\new\TB_1.sv [compile index 10]
*** Warning: SIGNAL_NEVER_USED: Signal 'WR_IMG_rlast' is never used
    at line 222 in F:\_xu\_prj\pcie_uart_tx_array\pcie_uart_invl\pcie_uart.srcs\sim_1\new\TB_1.sv [compile index 10]
*** Warning: SIGNAL_NEVER_USED: Signal 'WR_IMG_rvalid' is never used
    at line 223 in F:\_xu\_prj\pcie_uart_tx_array\pcie_uart_invl\pcie_uart.srcs\sim_1\new\TB_1.sv [compile index 10]
*** Warning: SIGNAL_NEVER_USED: Signal 'WR_IMG_rready' is never used
    at line 224 in F:\_xu\_prj\pcie_uart_tx_array\pcie_uart_invl\pcie_uart.srcs\sim_1\new\TB_1.sv [compile index 10]
*** Warning: SIGNAL_NEVER_READ: Signal 'READ_DONE' is never read
    at line 228 in F:\_xu\_prj\pcie_uart_tx_array\pcie_uart_invl\pcie_uart.srcs\sim_1\new\TB_1.sv [compile index 10]
*** Done mixed mode extension build [440 ms] ***
*** Start adding/validating the DVT Auto-Linked resources ***
*** Done adding/validating the DVT Auto-Linked resources [2 ms] ***
*** Total build time [565 ms] ***
